<?xml version="1.0" encoding="UTF-8"?>
<!-- Generated by org.testng.reporters.JUnitReportReporter -->
<testsuite skipped="0" hostname="USER-PC" name="com.TestCases.TC_003_Admin_Logout" tests="1" failures="0" timestamp="11 Apr 2018 03:57:13 GMT" time="6.873" errors="0">
  <testcase name="diff_scr_logout" time="6.873" classname="com.TestCases.TC_003_Admin_Logout"/>
</testsuite> <!-- com.TestCases.TC_003_Admin_Logout -->
