<?xml version="1.0" encoding="UTF-8"?>
<!-- Generated by org.testng.reporters.JUnitReportReporter -->
<testsuite skipped="0" hostname="USER-PC" name="com.TestCases.TC_01_Automationpractise" tests="1" failures="0" timestamp="23 Apr 2018 05:18:21 GMT" time="14.156" errors="0">
  <testcase name="ap" time="14.156" classname="com.TestCases.TC_01_Automationpractise"/>
</testsuite> <!-- com.TestCases.TC_01_Automationpractise -->
