<?xml version="1.0" encoding="UTF-8"?>
<!-- Generated by org.testng.reporters.JUnitReportReporter -->
<testsuite skipped="0" hostname="USER-PC" name="com.TestCases.Tc_002_Admin_AddCustomer" tests="1" failures="0" timestamp="11 Apr 2018 03:58:24 GMT" time="8.557" errors="0">
  <testcase name="Addcustomer" time="8.557" classname="com.TestCases.Tc_002_Admin_AddCustomer"/>
</testsuite> <!-- com.TestCases.Tc_002_Admin_AddCustomer -->
