<?xml version="1.0" encoding="UTF-8"?>
<!-- Generated by org.testng.reporters.JUnitReportReporter -->
<testsuite skipped="0" hostname="USER-PC" name="com.TestCases.Tc_005_delete" tests="1" failures="0" timestamp="11 Apr 2018 03:22:12 GMT" time="10.736" errors="0">
  <testcase name="Addcustomer" time="10.736" classname="com.TestCases.Tc_005_delete"/>
</testsuite> <!-- com.TestCases.Tc_005_delete -->
