<?xml version="1.0" encoding="UTF-8"?>
<!-- Generated by org.testng.reporters.JUnitReportReporter -->
<testsuite skipped="0" hostname="USER-PC" name="com.TestCases.Tc_004_Changepassword" tests="1" failures="0" timestamp="11 Apr 2018 03:23:43 GMT" time="7.573" errors="0">
  <testcase name="chpswd" time="7.573" classname="com.TestCases.Tc_004_Changepassword"/>
</testsuite> <!-- com.TestCases.Tc_004_Changepassword -->
