<?xml version="1.0" encoding="UTF-8"?>
<!-- Generated by org.testng.reporters.JUnitReportReporter -->
<testsuite skipped="0" hostname="USER-PC" name="com.TestCases.Tc_002_AddCustomer" tests="1" failures="0" timestamp="05 Apr 2018 07:19:03 GMT" time="8.898" errors="0">
  <testcase name="Addcustomer" time="8.898" classname="com.TestCases.Tc_002_AddCustomer"/>
</testsuite> <!-- com.TestCases.Tc_002_AddCustomer -->
